<!DOCTYPE html>

<html>
  <head>
  <meta charset='utf-8'>
  <title>TestNG reports</title>

    <link type="text/css" href="testng-reports1.css" rel="stylesheet" id="ultra" />
    <link type="text/css" href="testng-reports.css" rel="stylesheet" id="retro" disabled="false"/>
    <script type="text/javascript" src="jquery.min.js"></script>
    <script type="text/javascript" src="testng-reports.js"></script>
    <script type="text/javascript" src="https://www.google.com/jsapi"></script>
    <script type='text/javascript'>
      google.load('visualization', '1', {packages:['table']});
      google.setOnLoadCallback(drawTable);
      var suiteTableInitFunctions = new Array();
      var suiteTableData = new Array();
    </script>
    <!--
      <script type="text/javascript" src="jquery-ui/js/jquery-ui-1.8.16.custom.min.js"></script>
     -->
  </head>

  <body>
    <div class="top-banner-root">
      <span class="top-banner-title-font">Test results</span>
      <button id="button" class="button">Switch Retro Theme</button> <!-- button -->
      <br/>
      <span class="top-banner-font-1">1 suite, 5 failed tests</span>
    </div> <!-- top-banner-root -->
    <div class="navigator-root">
      <div class="navigator-suite-header">
        <span>All suites</span>
        <a href="#" title="Collapse/expand all the suites" class="collapse-all-link">
          <img src="collapseall.gif" class="collapse-all-icon">
          </img> <!-- collapse-all-icon -->
        </a> <!-- collapse-all-link -->
      </div> <!-- navigator-suite-header -->
      <div class="suite">
        <div class="rounded-window">
          <div class="suite-header light-rounded-window-top">
            <a href="#" panel-name="suite-ContinuousTestingDevops" class="navigator-link">
              <span class="suite-name border-failed">ContinuousTestingDevops</span>
            </a> <!-- navigator-link -->
          </div> <!-- suite-header light-rounded-window-top -->
          <div class="navigator-suite-content">
            <div class="suite-section-title">
              <span>Info</span>
            </div> <!-- suite-section-title -->
            <div class="suite-section-content">
              <ul>
                <li>
                  <a href="#" panel-name="test-xml-ContinuousTestingDevops" class="navigator-link ">
                    <span>C:\Users\sreen\eclipse-workspace\FlipKartTest\src\main\resources\TestRunner1.xml</span>
                  </a> <!-- navigator-link  -->
                </li>
                <li>
                  <a href="#" panel-name="testlist-ContinuousTestingDevops" class="navigator-link ">
                    <span class="test-stats">3 tests</span>
                  </a> <!-- navigator-link  -->
                </li>
                <li>
                  <a href="#" panel-name="group-ContinuousTestingDevops" class="navigator-link ">
                    <span>0 groups</span>
                  </a> <!-- navigator-link  -->
                </li>
                <li>
                  <a href="#" panel-name="times-ContinuousTestingDevops" class="navigator-link ">
                    <span>Times</span>
                  </a> <!-- navigator-link  -->
                </li>
                <li>
                  <a href="#" panel-name="reporter-ContinuousTestingDevops" class="navigator-link ">
                    <span>Reporter output</span>
                  </a> <!-- navigator-link  -->
                </li>
                <li>
                  <a href="#" panel-name="ignored-methods-ContinuousTestingDevops" class="navigator-link ">
                    <span>Ignored methods</span>
                  </a> <!-- navigator-link  -->
                </li>
                <li>
                  <a href="#" panel-name="chronological-ContinuousTestingDevops" class="navigator-link ">
                    <span>Chronological view</span>
                  </a> <!-- navigator-link  -->
                </li>
              </ul>
            </div> <!-- suite-section-content -->
            <div class="result-section">
              <div class="suite-section-title">
                <span>Results</span>
              </div> <!-- suite-section-title -->
              <div class="suite-section-content">
                <ul>
                  <li>
                    <span class="method-stats">19 methods, 5 failed,   14 passed</span>
                  </li>
                  <li>
                    <span class="method-list-title failed">Failed methods</span>
                    <span class="show-or-hide-methods failed">
                      <a href="#" panel-name="suite-ContinuousTestingDevops" class="hide-methods failed suite-ContinuousTestingDevops"> (hide)</a> <!-- hide-methods failed suite-ContinuousTestingDevops -->
                      <a href="#" panel-name="suite-ContinuousTestingDevops" class="show-methods failed suite-ContinuousTestingDevops"> (show)</a> <!-- show-methods failed suite-ContinuousTestingDevops -->
                    </span>
                    <div class="method-list-content failed suite-ContinuousTestingDevops">
                      <span>
                        <img src="failed.png" width="3%"/>
                        <a href="#" panel-name="suite-ContinuousTestingDevops" title="continuousTesting.RedmiTest" class="method navigator-link" hash-for-method="clickOnVideo">clickOnVideo</a> <!-- method navigator-link -->
                      </span>
                      <br/>
                      <span>
                        <img src="failed.png" width="3%"/>
                        <a href="#" panel-name="suite-ContinuousTestingDevops" title="continuousTesting.PriceSlider" class="method navigator-link" hash-for-method="openingOptions">openingOptions</a> <!-- method navigator-link -->
                      </span>
                      <br/>
                      <span>
                        <img src="failed.png" width="3%"/>
                        <a href="#" panel-name="suite-ContinuousTestingDevops" title="continuousTesting.RedmiTest" class="method navigator-link" hash-for-method="openingOptions">openingOptions</a> <!-- method navigator-link -->
                      </span>
                      <br/>
                      <span>
                        <img src="failed.png" width="3%"/>
                        <a href="#" panel-name="suite-ContinuousTestingDevops" title="continuousTesting.PriceSlider" class="method navigator-link" hash-for-method="priceSlider">priceSlider</a> <!-- method navigator-link -->
                      </span>
                      <br/>
                      <span>
                        <img src="failed.png" width="3%"/>
                        <a href="#" panel-name="suite-ContinuousTestingDevops" title="continuousTesting.RedmiTest" class="method navigator-link" hash-for-method="priceSlider">priceSlider</a> <!-- method navigator-link -->
                      </span>
                      <br/>
                    </div> <!-- method-list-content failed suite-ContinuousTestingDevops -->
                  </li>
                  <li>
                    <span class="method-list-title passed">Passed methods</span>
                    <span class="show-or-hide-methods passed">
                      <a href="#" panel-name="suite-ContinuousTestingDevops" class="hide-methods passed suite-ContinuousTestingDevops"> (hide)</a> <!-- hide-methods passed suite-ContinuousTestingDevops -->
                      <a href="#" panel-name="suite-ContinuousTestingDevops" class="show-methods passed suite-ContinuousTestingDevops"> (show)</a> <!-- show-methods passed suite-ContinuousTestingDevops -->
                    </span>
                    <div class="method-list-content passed suite-ContinuousTestingDevops">
                      <span>
                        <img src="passed.png" width="3%"/>
                        <a href="#" panel-name="suite-ContinuousTestingDevops" title="continuousTesting.LoginPage" class="method navigator-link" hash-for-method="close">close</a> <!-- method navigator-link -->
                      </span>
                      <br/>
                      <span>
                        <img src="passed.png" width="3%"/>
                        <a href="#" panel-name="suite-ContinuousTestingDevops" title="continuousTesting.PriceSlider" class="method navigator-link" hash-for-method="close">close</a> <!-- method navigator-link -->
                      </span>
                      <br/>
                      <span>
                        <img src="passed.png" width="3%"/>
                        <a href="#" panel-name="suite-ContinuousTestingDevops" title="continuousTesting.RedmiTest" class="method navigator-link" hash-for-method="close">close</a> <!-- method navigator-link -->
                      </span>
                      <br/>
                      <span>
                        <img src="passed.png" width="3%"/>
                        <a href="#" panel-name="suite-ContinuousTestingDevops" title="continuousTesting.LoginPage" class="method navigator-link" hash-for-method="closingModel">closingModel</a> <!-- method navigator-link -->
                      </span>
                      <br/>
                      <span>
                        <img src="passed.png" width="3%"/>
                        <a href="#" panel-name="suite-ContinuousTestingDevops" title="continuousTesting.PriceSlider" class="method navigator-link" hash-for-method="closingModel">closingModel</a> <!-- method navigator-link -->
                      </span>
                      <br/>
                      <span>
                        <img src="passed.png" width="3%"/>
                        <a href="#" panel-name="suite-ContinuousTestingDevops" title="continuousTesting.RedmiTest" class="method navigator-link" hash-for-method="closingModel">closingModel</a> <!-- method navigator-link -->
                      </span>
                      <br/>
                      <span>
                        <img src="passed.png" width="3%"/>
                        <a href="#" panel-name="suite-ContinuousTestingDevops" title="continuousTesting.LoginPage" class="method navigator-link" hash-for-method="openBrowser">openBrowser</a> <!-- method navigator-link -->
                      </span>
                      <br/>
                      <span>
                        <img src="passed.png" width="3%"/>
                        <a href="#" panel-name="suite-ContinuousTestingDevops" title="continuousTesting.PriceSlider" class="method navigator-link" hash-for-method="openBrowser">openBrowser</a> <!-- method navigator-link -->
                      </span>
                      <br/>
                      <span>
                        <img src="passed.png" width="3%"/>
                        <a href="#" panel-name="suite-ContinuousTestingDevops" title="continuousTesting.RedmiTest" class="method navigator-link" hash-for-method="openBrowser">openBrowser</a> <!-- method navigator-link -->
                      </span>
                      <br/>
                      <span>
                        <img src="passed.png" width="3%"/>
                        <a href="#" panel-name="suite-ContinuousTestingDevops" title="continuousTesting.LoginPage" class="method navigator-link" hash-for-method="openUrl">openUrl</a> <!-- method navigator-link -->
                      </span>
                      <br/>
                      <span>
                        <img src="passed.png" width="3%"/>
                        <a href="#" panel-name="suite-ContinuousTestingDevops" title="continuousTesting.PriceSlider" class="method navigator-link" hash-for-method="openUrl">openUrl</a> <!-- method navigator-link -->
                      </span>
                      <br/>
                      <span>
                        <img src="passed.png" width="3%"/>
                        <a href="#" panel-name="suite-ContinuousTestingDevops" title="continuousTesting.RedmiTest" class="method navigator-link" hash-for-method="openUrl">openUrl</a> <!-- method navigator-link -->
                      </span>
                      <br/>
                      <span>
                        <img src="passed.png" width="3%"/>
                        <a href="#" panel-name="suite-ContinuousTestingDevops" title="continuousTesting.LoginPage" class="method navigator-link" hash-for-method="openingOptions">openingOptions</a> <!-- method navigator-link -->
                      </span>
                      <br/>
                      <span>
                        <img src="passed.png" width="3%"/>
                        <a href="#" panel-name="suite-ContinuousTestingDevops" title="continuousTesting.RedmiTest" class="method navigator-link" hash-for-method="redmiPage">redmiPage</a> <!-- method navigator-link -->
                      </span>
                      <br/>
                    </div> <!-- method-list-content passed suite-ContinuousTestingDevops -->
                  </li>
                </ul>
              </div> <!-- suite-section-content -->
            </div> <!-- result-section -->
          </div> <!-- navigator-suite-content -->
        </div> <!-- rounded-window -->
      </div> <!-- suite -->
    </div> <!-- navigator-root -->
    <div class="wrapper">
      <div class="main-panel-root">
        <div panel-name="suite-ContinuousTestingDevops" class="panel ContinuousTestingDevops">
          <div class="suite-ContinuousTestingDevops-class-failed">
            <div class="main-panel-header rounded-window-top">
              <img src="failed.png"/>
              <span class="class-name">continuousTesting.RedmiTest</span>
            </div> <!-- main-panel-header rounded-window-top -->
            <div class="main-panel-content rounded-window-bottom">
              <div class="method">
                <div class="method-content">
                  <a name="clickOnVideo">
                  </a> <!-- clickOnVideo -->
                  <span class="method-name">clickOnVideo</span>
                  <div class="stack-trace">org.openqa.selenium.NoSuchElementException: no such element: Unable to locate element: {&quot;method&quot;:&quot;xpath&quot;,&quot;selector&quot;:&quot;//div[@class=&quot;_1AuMiq P9aMAP&quot;]&quot;}
  (Session info: chrome=102.0.5005.115)
For documentation on this error, please visit: https://www.seleniumhq.org/exceptions/no_such_element.html
Build info: version: &apos;3.141.59&apos;, revision: &apos;e82be7d358&apos;, time: &apos;2018-11-14T08:25:48&apos;
System info: host: &apos;DESKTOP-IJK0I6N&apos;, ip: &apos;192.168.1.12&apos;, os.name: &apos;Windows 10&apos;, os.arch: &apos;amd64&apos;, os.version: &apos;10.0&apos;, java.version: &apos;11.0.13&apos;
Driver info: org.openqa.selenium.chrome.ChromeDriver
Capabilities {acceptInsecureCerts: false, browserName: chrome, browserVersion: 102.0.5005.115, chrome: {chromedriverVersion: 102.0.5005.61 (0e59bcc00cc4..., userDataDir: C:\Users\sreen\AppData\Loca...}, goog:chromeOptions: {debuggerAddress: localhost:54320}, javascriptEnabled: true, networkConnectionEnabled: false, pageLoadStrategy: normal, platform: WINDOWS, platformName: WINDOWS, proxy: Proxy(), setWindowRect: true, strictFileInteractability: false, timeouts: {implicit: 0, pageLoad: 300000, script: 30000}, unhandledPromptBehavior: dismiss and notify, webauthn:extension:credBlob: true, webauthn:extension:largeBlob: true, webauthn:virtualAuthenticators: true}
Session ID: 3c7a8b9cfee9aef8b89712e2bec3a600
*** Element info: {Using=xpath, value=//div[@class=&quot;_1AuMiq P9aMAP&quot;]}
	at org.openqa.selenium.remote.http.W3CHttpResponseCodec.createException(W3CHttpResponseCodec.java:187)
	at org.openqa.selenium.remote.http.W3CHttpResponseCodec.decode(W3CHttpResponseCodec.java:122)
	at org.openqa.selenium.remote.http.W3CHttpResponseCodec.decode(W3CHttpResponseCodec.java:49)
	at org.openqa.selenium.remote.HttpCommandExecutor.execute(HttpCommandExecutor.java:158)
	at org.openqa.selenium.remote.service.DriverCommandExecutor.execute(DriverCommandExecutor.java:83)
	at org.openqa.selenium.remote.RemoteWebDriver.execute(RemoteWebDriver.java:552)
	at org.openqa.selenium.remote.RemoteWebDriver.findElement(RemoteWebDriver.java:323)
	at org.openqa.selenium.remote.RemoteWebDriver.findElementByXPath(RemoteWebDriver.java:428)
	at org.openqa.selenium.By$ByXPath.findElement(By.java:353)
	at org.openqa.selenium.remote.RemoteWebDriver.findElement(RemoteWebDriver.java:315)
	at continuousTesting.RedmiTest.clickOnVideo(RedmiTest.java:120)
	at java.base/java.util.ArrayList.forEach(ArrayList.java:1541)
... Removed 31 stack frames
</div> <!-- stack-trace -->
                </div> <!-- method-content -->
              </div> <!-- method -->
              <div class="method">
                <div class="method-content">
                  <a name="openingOptions">
                  </a> <!-- openingOptions -->
                  <span class="method-name">openingOptions</span>
                  <div class="stack-trace">org.openqa.selenium.NoSuchElementException: no such element: Unable to locate element: {&quot;method&quot;:&quot;xpath&quot;,&quot;selector&quot;:&quot;//a[@href=&quot;/mobiles/mi~brand/pr?sid=tyy,4io&amp;otracker=nmenu_sub_Electronics_0_Mi&quot;]&quot;}
  (Session info: chrome=102.0.5005.115)
For documentation on this error, please visit: https://www.seleniumhq.org/exceptions/no_such_element.html
Build info: version: &apos;3.141.59&apos;, revision: &apos;e82be7d358&apos;, time: &apos;2018-11-14T08:25:48&apos;
System info: host: &apos;DESKTOP-IJK0I6N&apos;, ip: &apos;192.168.1.12&apos;, os.name: &apos;Windows 10&apos;, os.arch: &apos;amd64&apos;, os.version: &apos;10.0&apos;, java.version: &apos;11.0.13&apos;
Driver info: org.openqa.selenium.chrome.ChromeDriver
Capabilities {acceptInsecureCerts: false, browserName: chrome, browserVersion: 102.0.5005.115, chrome: {chromedriverVersion: 102.0.5005.61 (0e59bcc00cc4..., userDataDir: C:\Users\sreen\AppData\Loca...}, goog:chromeOptions: {debuggerAddress: localhost:54320}, javascriptEnabled: true, networkConnectionEnabled: false, pageLoadStrategy: normal, platform: WINDOWS, platformName: WINDOWS, proxy: Proxy(), setWindowRect: true, strictFileInteractability: false, timeouts: {implicit: 0, pageLoad: 300000, script: 30000}, unhandledPromptBehavior: dismiss and notify, webauthn:extension:credBlob: true, webauthn:extension:largeBlob: true, webauthn:virtualAuthenticators: true}
Session ID: 3c7a8b9cfee9aef8b89712e2bec3a600
*** Element info: {Using=xpath, value=//a[@href=&quot;/mobiles/mi~brand/pr?sid=tyy,4io&amp;otracker=nmenu_sub_Electronics_0_Mi&quot;]}
	at org.openqa.selenium.remote.http.W3CHttpResponseCodec.createException(W3CHttpResponseCodec.java:187)
	at org.openqa.selenium.remote.http.W3CHttpResponseCodec.decode(W3CHttpResponseCodec.java:122)
	at org.openqa.selenium.remote.http.W3CHttpResponseCodec.decode(W3CHttpResponseCodec.java:49)
	at org.openqa.selenium.remote.HttpCommandExecutor.execute(HttpCommandExecutor.java:158)
	at org.openqa.selenium.remote.service.DriverCommandExecutor.execute(DriverCommandExecutor.java:83)
	at org.openqa.selenium.remote.RemoteWebDriver.execute(RemoteWebDriver.java:552)
	at org.openqa.selenium.remote.RemoteWebDriver.findElement(RemoteWebDriver.java:323)
	at org.openqa.selenium.remote.RemoteWebDriver.findElementByXPath(RemoteWebDriver.java:428)
	at org.openqa.selenium.By$ByXPath.findElement(By.java:353)
	at org.openqa.selenium.remote.RemoteWebDriver.findElement(RemoteWebDriver.java:315)
	at continuousTesting.RedmiTest.openingOptions(RedmiTest.java:49)
	at java.base/java.util.ArrayList.forEach(ArrayList.java:1541)
... Removed 31 stack frames
</div> <!-- stack-trace -->
                </div> <!-- method-content -->
              </div> <!-- method -->
              <div class="method">
                <div class="method-content">
                  <a name="priceSlider">
                  </a> <!-- priceSlider -->
                  <span class="method-name">priceSlider</span>
                  <div class="stack-trace">org.openqa.selenium.NoSuchElementException: no such element: Unable to locate element: {&quot;method&quot;:&quot;xpath&quot;,&quot;selector&quot;:&quot;//input[@class=&quot;_3704LK&quot;]//following::select[2]&quot;}
  (Session info: chrome=102.0.5005.115)
For documentation on this error, please visit: https://www.seleniumhq.org/exceptions/no_such_element.html
Build info: version: &apos;3.141.59&apos;, revision: &apos;e82be7d358&apos;, time: &apos;2018-11-14T08:25:48&apos;
System info: host: &apos;DESKTOP-IJK0I6N&apos;, ip: &apos;192.168.1.12&apos;, os.name: &apos;Windows 10&apos;, os.arch: &apos;amd64&apos;, os.version: &apos;10.0&apos;, java.version: &apos;11.0.13&apos;
Driver info: org.openqa.selenium.chrome.ChromeDriver
Capabilities {acceptInsecureCerts: false, browserName: chrome, browserVersion: 102.0.5005.115, chrome: {chromedriverVersion: 102.0.5005.61 (0e59bcc00cc4..., userDataDir: C:\Users\sreen\AppData\Loca...}, goog:chromeOptions: {debuggerAddress: localhost:54320}, javascriptEnabled: true, networkConnectionEnabled: false, pageLoadStrategy: normal, platform: WINDOWS, platformName: WINDOWS, proxy: Proxy(), setWindowRect: true, strictFileInteractability: false, timeouts: {implicit: 0, pageLoad: 300000, script: 30000}, unhandledPromptBehavior: dismiss and notify, webauthn:extension:credBlob: true, webauthn:extension:largeBlob: true, webauthn:virtualAuthenticators: true}
Session ID: 3c7a8b9cfee9aef8b89712e2bec3a600
*** Element info: {Using=xpath, value=//input[@class=&quot;_3704LK&quot;]//following::select[2]}
	at org.openqa.selenium.remote.http.W3CHttpResponseCodec.createException(W3CHttpResponseCodec.java:187)
	at org.openqa.selenium.remote.http.W3CHttpResponseCodec.decode(W3CHttpResponseCodec.java:122)
	at org.openqa.selenium.remote.http.W3CHttpResponseCodec.decode(W3CHttpResponseCodec.java:49)
	at org.openqa.selenium.remote.HttpCommandExecutor.execute(HttpCommandExecutor.java:158)
	at org.openqa.selenium.remote.service.DriverCommandExecutor.execute(DriverCommandExecutor.java:83)
	at org.openqa.selenium.remote.RemoteWebDriver.execute(RemoteWebDriver.java:552)
	at org.openqa.selenium.remote.RemoteWebDriver.findElement(RemoteWebDriver.java:323)
	at org.openqa.selenium.remote.RemoteWebDriver.findElementByXPath(RemoteWebDriver.java:428)
	at org.openqa.selenium.By$ByXPath.findElement(By.java:353)
	at org.openqa.selenium.remote.RemoteWebDriver.findElement(RemoteWebDriver.java:315)
	at continuousTesting.RedmiTest.priceSlider(RedmiTest.java:57)
	at java.base/java.util.ArrayList.forEach(ArrayList.java:1541)
... Removed 31 stack frames
</div> <!-- stack-trace -->
                </div> <!-- method-content -->
              </div> <!-- method -->
            </div> <!-- main-panel-content rounded-window-bottom -->
          </div> <!-- suite-ContinuousTestingDevops-class-failed -->
          <div class="suite-ContinuousTestingDevops-class-failed">
            <div class="main-panel-header rounded-window-top">
              <img src="failed.png"/>
              <span class="class-name">continuousTesting.PriceSlider</span>
            </div> <!-- main-panel-header rounded-window-top -->
            <div class="main-panel-content rounded-window-bottom">
              <div class="method">
                <div class="method-content">
                  <a name="openingOptions">
                  </a> <!-- openingOptions -->
                  <span class="method-name">openingOptions</span>
                  <div class="stack-trace">org.openqa.selenium.NoSuchElementException: no such element: Unable to locate element: {&quot;method&quot;:&quot;xpath&quot;,&quot;selector&quot;:&quot;//a[@href=&quot;/mobiles/mi~brand/pr?sid=tyy,4io&amp;otracker=nmenu_sub_Electronics_0_Mi&quot;]&quot;}
  (Session info: chrome=102.0.5005.115)
For documentation on this error, please visit: https://www.seleniumhq.org/exceptions/no_such_element.html
Build info: version: &apos;3.141.59&apos;, revision: &apos;e82be7d358&apos;, time: &apos;2018-11-14T08:25:48&apos;
System info: host: &apos;DESKTOP-IJK0I6N&apos;, ip: &apos;192.168.1.12&apos;, os.name: &apos;Windows 10&apos;, os.arch: &apos;amd64&apos;, os.version: &apos;10.0&apos;, java.version: &apos;11.0.13&apos;
Driver info: org.openqa.selenium.chrome.ChromeDriver
Capabilities {acceptInsecureCerts: false, browserName: chrome, browserVersion: 102.0.5005.115, chrome: {chromedriverVersion: 102.0.5005.61 (0e59bcc00cc4..., userDataDir: C:\Users\sreen\AppData\Loca...}, goog:chromeOptions: {debuggerAddress: localhost:54285}, javascriptEnabled: true, networkConnectionEnabled: false, pageLoadStrategy: normal, platform: WINDOWS, platformName: WINDOWS, proxy: Proxy(), setWindowRect: true, strictFileInteractability: false, timeouts: {implicit: 0, pageLoad: 300000, script: 30000}, unhandledPromptBehavior: dismiss and notify, webauthn:extension:credBlob: true, webauthn:extension:largeBlob: true, webauthn:virtualAuthenticators: true}
Session ID: 350f8567da353e0c560d2dd13f852e7c
*** Element info: {Using=xpath, value=//a[@href=&quot;/mobiles/mi~brand/pr?sid=tyy,4io&amp;otracker=nmenu_sub_Electronics_0_Mi&quot;]}
	at org.openqa.selenium.remote.http.W3CHttpResponseCodec.createException(W3CHttpResponseCodec.java:187)
	at org.openqa.selenium.remote.http.W3CHttpResponseCodec.decode(W3CHttpResponseCodec.java:122)
	at org.openqa.selenium.remote.http.W3CHttpResponseCodec.decode(W3CHttpResponseCodec.java:49)
	at org.openqa.selenium.remote.HttpCommandExecutor.execute(HttpCommandExecutor.java:158)
	at org.openqa.selenium.remote.service.DriverCommandExecutor.execute(DriverCommandExecutor.java:83)
	at org.openqa.selenium.remote.RemoteWebDriver.execute(RemoteWebDriver.java:552)
	at org.openqa.selenium.remote.RemoteWebDriver.findElement(RemoteWebDriver.java:323)
	at org.openqa.selenium.remote.RemoteWebDriver.findElementByXPath(RemoteWebDriver.java:428)
	at org.openqa.selenium.By$ByXPath.findElement(By.java:353)
	at org.openqa.selenium.remote.RemoteWebDriver.findElement(RemoteWebDriver.java:315)
	at continuousTesting.PriceSlider.openingOptions(PriceSlider.java:44)
	at java.base/java.util.ArrayList.forEach(ArrayList.java:1541)
... Removed 31 stack frames
</div> <!-- stack-trace -->
                </div> <!-- method-content -->
              </div> <!-- method -->
              <div class="method">
                <div class="method-content">
                  <a name="priceSlider">
                  </a> <!-- priceSlider -->
                  <span class="method-name">priceSlider</span>
                  <div class="stack-trace">org.openqa.selenium.NoSuchElementException: no such element: Unable to locate element: {&quot;method&quot;:&quot;xpath&quot;,&quot;selector&quot;:&quot;//input[@class=&quot;_3704LK&quot;]//following::select[2]&quot;}
  (Session info: chrome=102.0.5005.115)
For documentation on this error, please visit: https://www.seleniumhq.org/exceptions/no_such_element.html
Build info: version: &apos;3.141.59&apos;, revision: &apos;e82be7d358&apos;, time: &apos;2018-11-14T08:25:48&apos;
System info: host: &apos;DESKTOP-IJK0I6N&apos;, ip: &apos;192.168.1.12&apos;, os.name: &apos;Windows 10&apos;, os.arch: &apos;amd64&apos;, os.version: &apos;10.0&apos;, java.version: &apos;11.0.13&apos;
Driver info: org.openqa.selenium.chrome.ChromeDriver
Capabilities {acceptInsecureCerts: false, browserName: chrome, browserVersion: 102.0.5005.115, chrome: {chromedriverVersion: 102.0.5005.61 (0e59bcc00cc4..., userDataDir: C:\Users\sreen\AppData\Loca...}, goog:chromeOptions: {debuggerAddress: localhost:54285}, javascriptEnabled: true, networkConnectionEnabled: false, pageLoadStrategy: normal, platform: WINDOWS, platformName: WINDOWS, proxy: Proxy(), setWindowRect: true, strictFileInteractability: false, timeouts: {implicit: 0, pageLoad: 300000, script: 30000}, unhandledPromptBehavior: dismiss and notify, webauthn:extension:credBlob: true, webauthn:extension:largeBlob: true, webauthn:virtualAuthenticators: true}
Session ID: 350f8567da353e0c560d2dd13f852e7c
*** Element info: {Using=xpath, value=//input[@class=&quot;_3704LK&quot;]//following::select[2]}
	at org.openqa.selenium.remote.http.W3CHttpResponseCodec.createException(W3CHttpResponseCodec.java:187)
	at org.openqa.selenium.remote.http.W3CHttpResponseCodec.decode(W3CHttpResponseCodec.java:122)
	at org.openqa.selenium.remote.http.W3CHttpResponseCodec.decode(W3CHttpResponseCodec.java:49)
	at org.openqa.selenium.remote.HttpCommandExecutor.execute(HttpCommandExecutor.java:158)
	at org.openqa.selenium.remote.service.DriverCommandExecutor.execute(DriverCommandExecutor.java:83)
	at org.openqa.selenium.remote.RemoteWebDriver.execute(RemoteWebDriver.java:552)
	at org.openqa.selenium.remote.RemoteWebDriver.findElement(RemoteWebDriver.java:323)
	at org.openqa.selenium.remote.RemoteWebDriver.findElementByXPath(RemoteWebDriver.java:428)
	at org.openqa.selenium.By$ByXPath.findElement(By.java:353)
	at org.openqa.selenium.remote.RemoteWebDriver.findElement(RemoteWebDriver.java:315)
	at continuousTesting.PriceSlider.priceSlider(PriceSlider.java:52)
	at java.base/java.util.ArrayList.forEach(ArrayList.java:1541)
... Removed 31 stack frames
</div> <!-- stack-trace -->
                </div> <!-- method-content -->
              </div> <!-- method -->
            </div> <!-- main-panel-content rounded-window-bottom -->
          </div> <!-- suite-ContinuousTestingDevops-class-failed -->
          <div class="suite-ContinuousTestingDevops-class-passed">
            <div class="main-panel-header rounded-window-top">
              <img src="passed.png"/>
              <span class="class-name">continuousTesting.LoginPage</span>
            </div> <!-- main-panel-header rounded-window-top -->
            <div class="main-panel-content rounded-window-bottom">
              <div class="method">
                <div class="method-content">
                  <a name="close">
                  </a> <!-- close -->
                  <span class="method-name">close</span>
                </div> <!-- method-content -->
              </div> <!-- method -->
              <div class="method">
                <div class="method-content">
                  <a name="closingModel">
                  </a> <!-- closingModel -->
                  <span class="method-name">closingModel</span>
                </div> <!-- method-content -->
              </div> <!-- method -->
              <div class="method">
                <div class="method-content">
                  <a name="openBrowser">
                  </a> <!-- openBrowser -->
                  <span class="method-name">openBrowser</span>
                </div> <!-- method-content -->
              </div> <!-- method -->
              <div class="method">
                <div class="method-content">
                  <a name="openUrl">
                  </a> <!-- openUrl -->
                  <span class="method-name">openUrl</span>
                </div> <!-- method-content -->
              </div> <!-- method -->
              <div class="method">
                <div class="method-content">
                  <a name="openingOptions">
                  </a> <!-- openingOptions -->
                  <span class="method-name">openingOptions</span>
                </div> <!-- method-content -->
              </div> <!-- method -->
            </div> <!-- main-panel-content rounded-window-bottom -->
          </div> <!-- suite-ContinuousTestingDevops-class-passed -->
          <div class="suite-ContinuousTestingDevops-class-passed">
            <div class="main-panel-header rounded-window-top">
              <img src="passed.png"/>
              <span class="class-name">continuousTesting.RedmiTest</span>
            </div> <!-- main-panel-header rounded-window-top -->
            <div class="main-panel-content rounded-window-bottom">
              <div class="method">
                <div class="method-content">
                  <a name="close">
                  </a> <!-- close -->
                  <span class="method-name">close</span>
                </div> <!-- method-content -->
              </div> <!-- method -->
              <div class="method">
                <div class="method-content">
                  <a name="closingModel">
                  </a> <!-- closingModel -->
                  <span class="method-name">closingModel</span>
                </div> <!-- method-content -->
              </div> <!-- method -->
              <div class="method">
                <div class="method-content">
                  <a name="openBrowser">
                  </a> <!-- openBrowser -->
                  <span class="method-name">openBrowser</span>
                </div> <!-- method-content -->
              </div> <!-- method -->
              <div class="method">
                <div class="method-content">
                  <a name="openUrl">
                  </a> <!-- openUrl -->
                  <span class="method-name">openUrl</span>
                </div> <!-- method-content -->
              </div> <!-- method -->
              <div class="method">
                <div class="method-content">
                  <a name="redmiPage">
                  </a> <!-- redmiPage -->
                  <span class="method-name">redmiPage</span>
                </div> <!-- method-content -->
              </div> <!-- method -->
            </div> <!-- main-panel-content rounded-window-bottom -->
          </div> <!-- suite-ContinuousTestingDevops-class-passed -->
          <div class="suite-ContinuousTestingDevops-class-passed">
            <div class="main-panel-header rounded-window-top">
              <img src="passed.png"/>
              <span class="class-name">continuousTesting.PriceSlider</span>
            </div> <!-- main-panel-header rounded-window-top -->
            <div class="main-panel-content rounded-window-bottom">
              <div class="method">
                <div class="method-content">
                  <a name="close">
                  </a> <!-- close -->
                  <span class="method-name">close</span>
                </div> <!-- method-content -->
              </div> <!-- method -->
              <div class="method">
                <div class="method-content">
                  <a name="closingModel">
                  </a> <!-- closingModel -->
                  <span class="method-name">closingModel</span>
                </div> <!-- method-content -->
              </div> <!-- method -->
              <div class="method">
                <div class="method-content">
                  <a name="openBrowser">
                  </a> <!-- openBrowser -->
                  <span class="method-name">openBrowser</span>
                </div> <!-- method-content -->
              </div> <!-- method -->
              <div class="method">
                <div class="method-content">
                  <a name="openUrl">
                  </a> <!-- openUrl -->
                  <span class="method-name">openUrl</span>
                </div> <!-- method-content -->
              </div> <!-- method -->
            </div> <!-- main-panel-content rounded-window-bottom -->
          </div> <!-- suite-ContinuousTestingDevops-class-passed -->
        </div> <!-- panel ContinuousTestingDevops -->
        <div panel-name="test-xml-ContinuousTestingDevops" class="panel">
          <div class="main-panel-header rounded-window-top">
            <span class="header-content">C:\Users\sreen\eclipse-workspace\FlipKartTest\src\main\resources\TestRunner1.xml</span>
          </div> <!-- main-panel-header rounded-window-top -->
          <div class="main-panel-content rounded-window-bottom">
            <pre>
&lt;?xml version=&quot;1.0&quot; encoding=&quot;UTF-8&quot;?&gt;
&lt;!DOCTYPE suite SYSTEM &quot;https://testng.org/testng-1.0.dtd&quot;&gt;
&lt;suite name=&quot;ContinuousTestingDevops&quot; guice-stage=&quot;DEVELOPMENT&quot;&gt;
  &lt;test thread-count=&quot;5&quot; name=&quot;1.LoginPageTest&quot;&gt;
    &lt;classes&gt;
      &lt;class name=&quot;continuousTesting.LoginPage&quot;/&gt;
    &lt;/classes&gt;
  &lt;/test&gt; &lt;!-- 1.LoginPageTest --&gt;
  &lt;test thread-count=&quot;5&quot; name=&quot;2.PriceSliderTest&quot;&gt;
    &lt;classes&gt;
      &lt;class name=&quot;continuousTesting.PriceSlider&quot;/&gt;
    &lt;/classes&gt;
  &lt;/test&gt; &lt;!-- 2.PriceSliderTest --&gt;
  &lt;test thread-count=&quot;5&quot; name=&quot;3.RedmiTest&quot;&gt;
    &lt;classes&gt;
      &lt;class name=&quot;continuousTesting.RedmiTest&quot;/&gt;
    &lt;/classes&gt;
  &lt;/test&gt; &lt;!-- 3.RedmiTest --&gt;
&lt;/suite&gt; &lt;!-- ContinuousTestingDevops --&gt;
            </pre>
          </div> <!-- main-panel-content rounded-window-bottom -->
        </div> <!-- panel -->
        <div panel-name="testlist-ContinuousTestingDevops" class="panel">
          <div class="main-panel-header rounded-window-top">
            <span class="header-content">Tests for ContinuousTestingDevops</span>
          </div> <!-- main-panel-header rounded-window-top -->
          <div class="main-panel-content rounded-window-bottom">
            <ul>
              <li>
                <span class="test-name">1.LoginPageTest (1 class)</span>
              </li>
              <li>
                <span class="test-name">2.PriceSliderTest (1 class)</span>
              </li>
              <li>
                <span class="test-name">3.RedmiTest (1 class)</span>
              </li>
            </ul>
          </div> <!-- main-panel-content rounded-window-bottom -->
        </div> <!-- panel -->
        <div panel-name="group-ContinuousTestingDevops" class="panel">
          <div class="main-panel-header rounded-window-top">
            <span class="header-content">Groups for ContinuousTestingDevops</span>
          </div> <!-- main-panel-header rounded-window-top -->
          <div class="main-panel-content rounded-window-bottom">
          </div> <!-- main-panel-content rounded-window-bottom -->
        </div> <!-- panel -->
        <div panel-name="times-ContinuousTestingDevops" class="panel">
          <div class="main-panel-header rounded-window-top">
            <span class="header-content">Times for ContinuousTestingDevops</span>
          </div> <!-- main-panel-header rounded-window-top -->
          <div class="main-panel-content rounded-window-bottom">
            <div class="times-div">
              <script type="text/javascript">
suiteTableInitFunctions.push('tableData_ContinuousTestingDevops');
function tableData_ContinuousTestingDevops() {
var data = new google.visualization.DataTable();
data.addColumn('number', 'Number');
data.addColumn('string', 'Method');
data.addColumn('string', 'Class');
data.addColumn('number', 'Time (ms)');
data.addRows(19);
data.setCell(0, 0, 0)
data.setCell(0, 1, 'openUrl')
data.setCell(0, 2, 'continuousTesting.RedmiTest')
data.setCell(0, 3, 11006);
data.setCell(1, 0, 1)
data.setCell(1, 1, 'openUrl')
data.setCell(1, 2, 'continuousTesting.PriceSlider')
data.setCell(1, 3, 10608);
data.setCell(2, 0, 2)
data.setCell(2, 1, 'openUrl')
data.setCell(2, 2, 'continuousTesting.LoginPage')
data.setCell(2, 3, 8670);
data.setCell(3, 0, 3)
data.setCell(3, 1, 'openingOptions')
data.setCell(3, 2, 'continuousTesting.PriceSlider')
data.setCell(3, 3, 5064);
data.setCell(4, 0, 4)
data.setCell(4, 1, 'openingOptions')
data.setCell(4, 2, 'continuousTesting.RedmiTest')
data.setCell(4, 3, 4962);
data.setCell(5, 0, 5)
data.setCell(5, 1, 'openBrowser')
data.setCell(5, 2, 'continuousTesting.LoginPage')
data.setCell(5, 3, 4766);
data.setCell(6, 0, 6)
data.setCell(6, 1, 'openingOptions')
data.setCell(6, 2, 'continuousTesting.LoginPage')
data.setCell(6, 3, 4741);
data.setCell(7, 0, 7)
data.setCell(7, 1, 'close')
data.setCell(7, 2, 'continuousTesting.LoginPage')
data.setCell(7, 3, 4242);
data.setCell(8, 0, 8)
data.setCell(8, 1, 'clickOnVideo')
data.setCell(8, 2, 'continuousTesting.RedmiTest')
data.setCell(8, 3, 3679);
data.setCell(9, 0, 9)
data.setCell(9, 1, 'redmiPage')
data.setCell(9, 2, 'continuousTesting.RedmiTest')
data.setCell(9, 3, 2339);
data.setCell(10, 0, 10)
data.setCell(10, 1, 'closingModel')
data.setCell(10, 2, 'continuousTesting.RedmiTest')
data.setCell(10, 3, 2314);
data.setCell(11, 0, 11)
data.setCell(11, 1, 'closingModel')
data.setCell(11, 2, 'continuousTesting.LoginPage')
data.setCell(11, 3, 2286);
data.setCell(12, 0, 12)
data.setCell(12, 1, 'closingModel')
data.setCell(12, 2, 'continuousTesting.PriceSlider')
data.setCell(12, 3, 2243);
data.setCell(13, 0, 13)
data.setCell(13, 1, 'openBrowser')
data.setCell(13, 2, 'continuousTesting.RedmiTest')
data.setCell(13, 3, 1943);
data.setCell(14, 0, 14)
data.setCell(14, 1, 'openBrowser')
data.setCell(14, 2, 'continuousTesting.PriceSlider')
data.setCell(14, 3, 1820);
data.setCell(15, 0, 15)
data.setCell(15, 1, 'close')
data.setCell(15, 2, 'continuousTesting.RedmiTest')
data.setCell(15, 3, 1020);
data.setCell(16, 0, 16)
data.setCell(16, 1, 'close')
data.setCell(16, 2, 'continuousTesting.PriceSlider')
data.setCell(16, 3, 87);
data.setCell(17, 0, 17)
data.setCell(17, 1, 'priceSlider')
data.setCell(17, 2, 'continuousTesting.PriceSlider')
data.setCell(17, 3, 32);
data.setCell(18, 0, 18)
data.setCell(18, 1, 'priceSlider')
data.setCell(18, 2, 'continuousTesting.RedmiTest')
data.setCell(18, 3, 30);
window.suiteTableData['ContinuousTestingDevops']= { tableData: data, tableDiv: 'times-div-ContinuousTestingDevops'}
return data;
}
              </script>
              <span class="suite-total-time">Total running time: 1 minutes</span>
              <div id="times-div-ContinuousTestingDevops">
              </div> <!-- times-div-ContinuousTestingDevops -->
            </div> <!-- times-div -->
          </div> <!-- main-panel-content rounded-window-bottom -->
        </div> <!-- panel -->
        <div panel-name="reporter-ContinuousTestingDevops" class="panel">
          <div class="main-panel-header rounded-window-top">
            <span class="header-content">Reporter output for ContinuousTestingDevops</span>
          </div> <!-- main-panel-header rounded-window-top -->
          <div class="main-panel-content rounded-window-bottom">
          </div> <!-- main-panel-content rounded-window-bottom -->
        </div> <!-- panel -->
        <div panel-name="ignored-methods-ContinuousTestingDevops" class="panel">
          <div class="main-panel-header rounded-window-top">
            <span class="header-content">0 ignored methods</span>
          </div> <!-- main-panel-header rounded-window-top -->
          <div class="main-panel-content rounded-window-bottom">
          </div> <!-- main-panel-content rounded-window-bottom -->
        </div> <!-- panel -->
        <div panel-name="chronological-ContinuousTestingDevops" class="panel">
          <div class="main-panel-header rounded-window-top">
            <span class="header-content">Methods in chronological order</span>
          </div> <!-- main-panel-header rounded-window-top -->
          <div class="main-panel-content rounded-window-bottom">
            <div class="chronological-class">
              <div class="chronological-class-name">continuousTesting.LoginPage</div> <!-- chronological-class-name -->
              <div class="test-method">
                <span class="method-name">openBrowser</span>
                <span class="method-start">0 ms</span>
              </div> <!-- test-method -->
              <div class="test-method">
                <span class="method-name">openUrl</span>
                <span class="method-start">4776 ms</span>
              </div> <!-- test-method -->
              <div class="test-method">
                <span class="method-name">closingModel</span>
                <span class="method-start">13450 ms</span>
              </div> <!-- test-method -->
              <div class="test-method">
                <span class="method-name">openingOptions</span>
                <span class="method-start">15738 ms</span>
              </div> <!-- test-method -->
              <div class="test-method">
                <span class="method-name">close</span>
                <span class="method-start">20481 ms</span>
              </div> <!-- test-method -->
            </div> <!-- chronological-class -->
            <div class="chronological-class">
              <div class="chronological-class-name">continuousTesting.PriceSlider</div> <!-- chronological-class-name -->
              <div class="test-method">
                <span class="method-name">openBrowser</span>
                <span class="method-start">24898 ms</span>
              </div> <!-- test-method -->
              <div class="test-method">
                <span class="method-name">openUrl</span>
                <span class="method-start">26722 ms</span>
              </div> <!-- test-method -->
              <div class="test-method">
                <span class="method-name">closingModel</span>
                <span class="method-start">37335 ms</span>
              </div> <!-- test-method -->
              <div class="test-method">
                <img src="failed.png">
                </img>
                <span class="method-name">openingOptions</span>
                <span class="method-start">39580 ms</span>
              </div> <!-- test-method -->
              <div class="test-method">
                <img src="failed.png">
                </img>
                <span class="method-name">priceSlider</span>
                <span class="method-start">44648 ms</span>
              </div> <!-- test-method -->
              <div class="test-method">
                <span class="method-name">close</span>
                <span class="method-start">44684 ms</span>
              </div> <!-- test-method -->
            </div> <!-- chronological-class -->
            <div class="chronological-class">
              <div class="chronological-class-name">continuousTesting.RedmiTest</div> <!-- chronological-class-name -->
              <div class="test-method">
                <span class="method-name">openBrowser</span>
                <span class="method-start">44808 ms</span>
              </div> <!-- test-method -->
              <div class="test-method">
                <span class="method-name">openUrl</span>
                <span class="method-start">46752 ms</span>
              </div> <!-- test-method -->
              <div class="test-method">
                <span class="method-name">closingModel</span>
                <span class="method-start">57762 ms</span>
              </div> <!-- test-method -->
              <div class="test-method">
                <img src="failed.png">
                </img>
                <span class="method-name">openingOptions</span>
                <span class="method-start">60078 ms</span>
              </div> <!-- test-method -->
              <div class="test-method">
                <img src="failed.png">
                </img>
                <span class="method-name">priceSlider</span>
                <span class="method-start">65042 ms</span>
              </div> <!-- test-method -->
              <div class="test-method">
                <span class="method-name">redmiPage</span>
                <span class="method-start">65074 ms</span>
              </div> <!-- test-method -->
              <div class="test-method">
                <img src="failed.png">
                </img>
                <span class="method-name">clickOnVideo</span>
                <span class="method-start">67414 ms</span>
              </div> <!-- test-method -->
              <div class="test-method">
                <span class="method-name">close</span>
                <span class="method-start">71096 ms</span>
              </div> <!-- test-method -->
          </div> <!-- main-panel-content rounded-window-bottom -->
        </div> <!-- panel -->
      </div> <!-- main-panel-root -->
    </div> <!-- wrapper -->
  </body>
<script type="text/javascript" src="testng-reports2.js"></script>
</html>
